Alines-MacBook-Pro:go aline$ python test.py
Overall configurations:        9
Test cases per configuration:  10
Simulations per test case:     10
Simulations per configuration: 200

Configuration no. 1 (n=4 m=32 o=016 p=010)
  Without replication:
        *loc w,   *rem w,   repl w,   *loc r,   *rem r,  **tot w, **succ r, **fail r
  min      0.0,      3.0,      0.0,     10.0,     35.0,      5.0,      1.0,     44.0
  avg      1.6,      5.5,      0.0,     14.7,     42.2,      7.1,      5.3,     51.6
  max      4.0,      9.0,      0.0,     20.0,     47.0,     13.0,     11.0,     58.0
  tot    160.0,    550.0,      0.0,   1470.0,   4220.0,    710.0,    530.0,   5160.0

        *loc w,   *rem w,   repl w,   *loc r,   *rem r,  **tot w, **succ r, **fail r
  With replication:
  min      0.0,      3.0,      2.0,     10.0,     35.0,      5.0,      1.0,     45.0
  avg      1.6,      5.5,      9.8,     14.7,     42.2,      7.1,      5.2,     51.7
  max      4.0,      9.0,     15.0,     20.0,     47.0,     13.0,     11.0,     58.0
  tot    160.0,    550.0,    980.0,   1470.0,   4220.0,    710.0,    522.0,   5168.0

Configuration no. 2 (n=4 m=32 o=016 p=020)
  Without replication:
        *loc w,   *rem w,   repl w,   *loc r,   *rem r,  **tot w, **succ r, **fail r
  min      0.0,      4.0,      0.0,      5.0,     34.0,      8.0,      2.0,     32.0
  avg      3.9,      9.8,      0.0,     11.0,     39.3,     13.7,      8.4,     41.9
  max      7.0,     13.0,      0.0,     14.0,     45.0,     17.0,     16.0,     52.0
  tot    390.0,    980.0,      0.0,   1100.0,   3930.0,   1370.0,    840.0,   4190.0

        *loc w,   *rem w,   repl w,   *loc r,   *rem r,  **tot w, **succ r, **fail r
  With replication:
  min      0.0,      4.0,     10.0,      5.0,     34.0,      8.0,      2.0,     31.0
  avg      3.9,      9.8,     16.8,     11.0,     39.3,     13.7,      8.5,     41.8
  max      7.0,     13.0,     22.0,     14.0,     45.0,     17.0,     17.0,     52.0
  tot    390.0,    980.0,   1680.0,   1100.0,   3930.0,   1370.0,    854.0,   4176.0

Configuration no. 3 (n=4 m=32 o=016 p=030)
  Without replication:
        *loc w,   *rem w,   repl w,   *loc r,   *rem r,  **tot w, **succ r, **fail r
  min      1.0,      6.0,      0.0,      9.0,     28.0,     11.0,      7.0,     21.0
  avg      5.0,     13.1,      0.0,     12.1,     33.8,     18.1,     11.9,     34.0
  max      8.0,     21.0,      0.0,     16.0,     43.0,     26.0,     22.0,     46.0
  tot    500.0,   1310.0,      0.0,   1210.0,   3380.0,   1810.0,   1187.0,   3403.0

        *loc w,   *rem w,   repl w,   *loc r,   *rem r,  **tot w, **succ r, **fail r
  With replication:
  min      1.0,      6.0,     11.0,      9.0,     28.0,     11.0,      7.0,     18.0
  avg      5.0,     13.1,     19.7,     12.1,     33.8,     18.1,     11.9,     34.0
  max      8.0,     21.0,     34.0,     16.0,     43.0,     26.0,     25.0,     46.0
  tot    500.0,   1310.0,   1970.0,   1210.0,   3380.0,   1810.0,   1192.0,   3398.0

Configuration no. 4 (n=4 m=32 o=016 p=040)
  Without replication:
        *loc w,   *rem w,   repl w,   *loc r,   *rem r,  **tot w, **succ r, **fail r
  min      3.0,     14.0,      0.0,      3.0,     21.0,     22.0,      6.0,     18.0
  avg      7.7,     19.7,      0.0,      9.0,     27.6,     27.4,     10.8,     25.8
  max     11.0,     26.0,      0.0,     13.0,     32.0,     34.0,     17.0,     34.0
  tot    770.0,   1970.0,      0.0,    900.0,   2760.0,   2740.0,   1084.0,   2576.0

        *loc w,   *rem w,   repl w,   *loc r,   *rem r,  **tot w, **succ r, **fail r
  With replication:
  min      3.0,     14.0,     12.0,      3.0,     21.0,     22.0,      6.0,     18.0
  avg      7.7,     19.7,     21.1,      9.0,     27.6,     27.4,     10.9,     25.6
  max     11.0,     26.0,     28.0,     13.0,     32.0,     34.0,     16.0,     34.0
  tot    770.0,   1970.0,   2110.0,    900.0,   2760.0,   2740.0,   1095.0,   2565.0

Configuration no. 5 (n=4 m=32 o=016 p=050)
  Without replication:
        *loc w,   *rem w,   repl w,   *loc r,   *rem r,  **tot w, **succ r, **fail r
  min      5.0,     18.0,      0.0,      2.0,     21.0,     26.0,      9.0,     10.0
  avg      8.4,     23.6,      0.0,      6.9,     25.1,     32.0,     13.2,     18.8
  max     17.0,     31.0,      0.0,     13.0,     31.0,     38.0,     18.0,     25.0
  tot    840.0,   2360.0,      0.0,    690.0,   2510.0,   3200.0,   1318.0,   1882.0

        *loc w,   *rem w,   repl w,   *loc r,   *rem r,  **tot w, **succ r, **fail r
  With replication:
  min      5.0,     18.0,     13.0,      2.0,     21.0,     26.0,      9.0,     10.0
  avg      8.4,     23.6,     22.8,      6.9,     25.1,     32.0,     13.3,     18.7
  max     17.0,     31.0,     37.0,     13.0,     31.0,     38.0,     19.0,     24.0
  tot    840.0,   2360.0,   2280.0,    690.0,   2510.0,   3200.0,   1331.0,   1869.0

Configuration no. 6 (n=4 m=32 o=016 p=060)
  Without replication:
        *loc w,   *rem w,   repl w,   *loc r,   *rem r,  **tot w, **succ r, **fail r
  min      8.0,     20.0,      0.0,      4.0,     14.0,     32.0,      6.0,     11.0
  avg     10.1,     26.6,      0.0,      7.1,     20.2,     36.7,     12.1,     15.2
  max     13.0,     33.0,      0.0,     14.0,     24.0,     45.0,     18.0,     21.0
  tot   1010.0,   2660.0,      0.0,    710.0,   2020.0,   3670.0,   1205.0,   1525.0

        *loc w,   *rem w,   repl w,   *loc r,   *rem r,  **tot w, **succ r, **fail r
  With replication:
  min      8.0,     20.0,     15.0,      4.0,     14.0,     32.0,      6.0,     10.0
  avg     10.1,     26.6,     21.2,      7.1,     20.2,     36.7,     12.1,     15.2
  max     13.0,     33.0,     28.0,     14.0,     24.0,     45.0,     19.0,     20.0
  tot   1010.0,   2660.0,   2120.0,    710.0,   2020.0,   3670.0,   1211.0,   1519.0

Configuration no. 7 (n=4 m=32 o=016 p=070)
  Without replication:
        *loc w,   *rem w,   repl w,   *loc r,   *rem r,  **tot w, **succ r, **fail r
  min      6.0,     27.0,      0.0,      2.0,      7.0,     40.0,      2.0,      5.0
  avg     12.0,     32.9,      0.0,      4.6,     14.5,     44.9,      9.5,      9.6
  max     17.0,     36.0,      0.0,     11.0,     21.0,     53.0,     19.0,     15.0
  tot   1200.0,   3290.0,      0.0,    460.0,   1450.0,   4490.0,    954.0,    956.0

        *loc w,   *rem w,   repl w,   *loc r,   *rem r,  **tot w, **succ r, **fail r
  With replication:
  min      6.0,     27.0,     -9.0,      2.0,      7.0,     40.0,      2.0,      6.0
  avg     12.0,     32.9,     14.3,      4.6,     14.5,     44.9,      9.4,      9.7
  max     17.0,     36.0,     36.0,     11.0,     21.0,     53.0,     18.0,     15.0
  tot   1200.0,   3290.0,   1430.0,    460.0,   1450.0,   4490.0,    940.0,    970.0

Configuration no. 8 (n=4 m=32 o=016 p=080)
  Without replication:
        *loc w,   *rem w,   repl w,   *loc r,   *rem r,  **tot w, **succ r, **fail r
  min     10.0,     33.0,      0.0,      1.0,      5.0,     45.0,      1.0,      2.0
  avg     14.3,     37.6,      0.0,      2.7,      9.4,     51.9,      5.8,      6.3
  max     18.0,     41.0,      0.0,      4.0,     16.0,     57.0,     10.0,     13.0
  tot   1430.0,   3760.0,      0.0,    270.0,    940.0,   5190.0,    577.0,    633.0

        *loc w,   *rem w,   repl w,   *loc r,   *rem r,  **tot w, **succ r, **fail r
  With replication:
  min     10.0,     33.0,     -5.0,      1.0,      5.0,     45.0,      1.0,      2.0
  avg     14.3,     37.6,      3.8,      2.7,      9.4,     51.9,      5.7,      6.4
  max     18.0,     41.0,     17.0,      4.0,     16.0,     57.0,     10.0,     12.0
  tot   1430.0,   3760.0,    380.0,    270.0,    940.0,   5190.0,    573.0,    637.0

Configuration no. 9 (n=4 m=32 o=016 p=090)
  Without replication:
        *loc w,   *rem w,   repl w,   *loc r,   *rem r,  **tot w, **succ r, **fail r
  min      9.0,     33.0,      0.0,      0.0,      3.0,     52.0,      0.0,      1.0
  avg     12.4,     45.1,      0.0,      1.1,      5.4,     57.5,      2.9,      3.6
  max     19.0,     50.0,      0.0,      2.0,     11.0,     61.0,      6.0,      7.0
  tot   1240.0,   4510.0,      0.0,    110.0,    540.0,   5750.0,    285.0,    365.0

        *loc w,   *rem w,   repl w,   *loc r,   *rem r,  **tot w, **succ r, **fail r
  With replication:
  min      9.0,     33.0,     -8.0,      0.0,      3.0,     52.0,      1.0,      0.0
  avg     12.4,     45.1,     -1.3,      1.1,      5.4,     57.5,      2.9,      3.6
  max     19.0,     50.0,      6.0,      2.0,     11.0,     61.0,      6.0,      7.0
  tot   1240.0,   4510.0,   -130.0,    110.0,    540.0,   5750.0,    293.0,    357.0

 * = this measure only counts for non-replicated programs
** = this measure only to be used as a safety check for test case generation
Alines-MacBook-Pro:go aline$ 
