Alines-MacBook-Pro:go aline$ python test.py
Overall configurations:        9
Test cases per configuration:  10
Simulations per test case:     10
Simulations per configuration: 200

Configuration no. 1 (n=32 m=256 o=016 p=010)
  Without replication:
        *loc w,   *rem w,   repl w,   *loc r,   *rem r,  **tot w, **succ r, **fail r
  min      0.0,     39.0,      0.0,     11.0,    434.0,     40.0,     28.0,    396.0
  avg      1.3,     48.5,      0.0,     15.1,    447.1,     49.8,     44.5,    417.7
  max      4.0,     57.0,      0.0,     22.0,    461.0,     59.0,     61.0,    444.0
  tot    130.0,   4850.0,      0.0,   1510.0,  44710.0,   4980.0,   4447.0,  41773.0

        *loc w,   *rem w,   repl w,   *loc r,   *rem r,  **tot w, **succ r, **fail r
  With replication:
  min      0.0,     39.0,     63.0,     11.0,    434.0,     40.0,     29.0,    398.0
  avg      1.3,     48.5,     90.1,     15.1,    447.1,     49.8,     44.6,    417.6
  max      4.0,     57.0,    124.0,     22.0,    461.0,     59.0,     59.0,    443.0
  tot    130.0,   4850.0,   9010.0,   1510.0,  44710.0,   4980.0,   4459.0,  41761.0

Configuration no. 2 (n=32 m=256 o=016 p=020)
  Without replication:
        *loc w,   *rem w,   repl w,   *loc r,   *rem r,  **tot w, **succ r, **fail r
  min      0.0,     91.0,      0.0,      6.0,    386.0,     94.0,     49.0,    321.0
  avg      3.3,     95.9,      0.0,     13.0,    399.8,     99.2,     65.2,    347.6
  max      5.0,    108.0,      0.0,     18.0,    406.0,    111.0,     80.0,    368.0
  tot    330.0,   9590.0,      0.0,   1300.0,  39980.0,   9920.0,   6520.0,  34760.0

        *loc w,   *rem w,   repl w,   *loc r,   *rem r,  **tot w, **succ r, **fail r
  With replication:
  min      0.0,     91.0,    118.0,      6.0,    386.0,     94.0,     48.0,    322.0
  avg      3.3,     95.9,    147.0,     13.0,    399.8,     99.2,     64.4,    348.4
  max      5.0,    108.0,    170.0,     18.0,    406.0,    111.0,     79.0,    369.0
  tot    330.0,   9590.0,  14700.0,   1300.0,  39980.0,   9920.0,   6438.0,  34842.0

Configuration no. 3 (n=32 m=256 o=016 p=030)
  Without replication:
        *loc w,   *rem w,   repl w,   *loc r,   *rem r,  **tot w, **succ r, **fail r
  min      3.0,    129.0,      0.0,      4.0,    341.0,    136.0,     74.0,    240.0
  avg      5.0,    147.4,      0.0,      9.5,    350.1,    152.4,     90.0,    269.6
  max      9.0,    160.0,      0.0,     14.0,    363.0,    164.0,    111.0,    291.0
  tot    500.0,  14740.0,      0.0,    950.0,  35010.0,  15240.0,   8998.0,  26962.0

        *loc w,   *rem w,   repl w,   *loc r,   *rem r,  **tot w, **succ r, **fail r
  With replication:
  min      3.0,    129.0,    181.0,      4.0,    341.0,    136.0,     72.0,    240.0
  avg      5.0,    147.4,    212.3,      9.5,    350.1,    152.4,     89.8,    269.8
  max      9.0,    160.0,    237.0,     14.0,    363.0,    164.0,    111.0,    289.0
  tot    500.0,  14740.0,  21230.0,    950.0,  35010.0,  15240.0,   8982.0,  26978.0

Configuration no. 4 (n=32 m=256 o=016 p=040)
  Without replication:
        *loc w,   *rem w,   repl w,   *loc r,   *rem r,  **tot w, **succ r, **fail r
  min      3.0,    188.0,      0.0,      4.0,    288.0,    196.0,     71.0,    192.0
  avg      6.1,    198.0,      0.0,      7.8,    300.1,    204.1,     96.9,    211.0
  max     10.0,    210.0,      0.0,     13.0,    310.0,    215.0,    110.0,    245.0
  tot    610.0,  19800.0,      0.0,    780.0,  30010.0,  20410.0,   9691.0,  21099.0

        *loc w,   *rem w,   repl w,   *loc r,   *rem r,  **tot w, **succ r, **fail r
  With replication:
  min      3.0,    188.0,    220.0,      4.0,    288.0,    196.0,     74.0,    192.0
  avg      6.1,    198.0,    245.1,      7.8,    300.1,    204.1,     96.2,    211.7
  max     10.0,    210.0,    268.0,     13.0,    310.0,    215.0,    110.0,    242.0
  tot    610.0,  19800.0,  24510.0,    780.0,  30010.0,  20410.0,   9623.0,  21167.0

Configuration no. 5 (n=32 m=256 o=016 p=050)
  Without replication:
        *loc w,   *rem w,   repl w,   *loc r,   *rem r,  **tot w, **succ r, **fail r
  min      4.0,    237.0,      0.0,      5.0,    233.0,    243.0,     80.0,    139.0
  avg      8.3,    248.0,      0.0,      8.8,    246.9,    256.3,     93.8,    161.9
  max     13.0,    262.0,      0.0,     15.0,    260.0,    269.0,    108.0,    181.0
  tot    830.0,  24800.0,      0.0,    880.0,  24690.0,  25630.0,   9379.0,  16191.0

        *loc w,   *rem w,   repl w,   *loc r,   *rem r,  **tot w, **succ r, **fail r
  With replication:
  min      4.0,    237.0,    228.0,      5.0,    233.0,    243.0,     79.0,    137.0
  avg      8.3,    248.0,    245.9,      8.8,    246.9,    256.3,     93.6,    162.1
  max     13.0,    262.0,    262.0,     15.0,    260.0,    269.0,    110.0,    182.0
  tot    830.0,  24800.0,  24590.0,    880.0,  24690.0,  25630.0,   9363.0,  16207.0

Configuration no. 6 (n=32 m=256 o=016 p=060)
  Without replication:
        *loc w,   *rem w,   repl w,   *loc r,   *rem r,  **tot w, **succ r, **fail r
  min      8.0,    287.0,      0.0,      3.0,    188.0,    296.0,     72.0,     98.0
  avg     10.9,    296.6,      0.0,      5.0,    199.5,    307.5,     86.9,    117.6
  max     13.0,    311.0,      0.0,      8.0,    213.0,    321.0,    104.0,    140.0
  tot   1090.0,  29660.0,      0.0,    500.0,  19950.0,  30750.0,   8686.0,  11764.0

        *loc w,   *rem w,   repl w,   *loc r,   *rem r,  **tot w, **succ r, **fail r
  With replication:
  min      8.0,    287.0,    216.0,      3.0,    188.0,    296.0,     73.0,     97.0
  avg     10.9,    296.6,    241.9,      5.0,    199.5,    307.5,     86.6,    117.9
  max     13.0,    311.0,    257.0,      8.0,    213.0,    321.0,    100.0,    139.0
  tot   1090.0,  29660.0,  24190.0,    500.0,  19950.0,  30750.0,   8661.0,  11789.0

Configuration no. 7 (n=32 m=256 o=016 p=070)
  Without replication:
        *loc w,   *rem w,   repl w,   *loc r,   *rem r,  **tot w, **succ r, **fail r
  min      8.0,    337.0,      0.0,      3.0,    136.0,    345.0,     58.0,     72.0
  avg     11.1,    346.4,      0.0,      5.7,    148.8,    357.5,     67.2,     87.3
  max     13.0,    357.0,      0.0,      8.0,    162.0,    369.0,     79.0,    101.0
  tot   1110.0,  34640.0,      0.0,    570.0,  14880.0,  35750.0,   6719.0,   8731.0

        *loc w,   *rem w,   repl w,   *loc r,   *rem r,  **tot w, **succ r, **fail r
  With replication:
  min      8.0,    337.0,    162.0,      3.0,    136.0,    345.0,     59.0,     74.0
  avg     11.1,    346.4,    193.2,      5.7,    148.8,    357.5,     67.4,     87.1
  max     13.0,    357.0,    230.0,      8.0,    162.0,    369.0,     75.0,     99.0
  tot   1110.0,  34640.0,  19320.0,    570.0,  14880.0,  35750.0,   6743.0,   8707.0

Configuration no. 8 (n=32 m=256 o=016 p=080)
  Without replication:
        *loc w,   *rem w,   repl w,   *loc r,   *rem r,  **tot w, **succ r, **fail r
  min      7.0,    381.0,      0.0,      1.0,     84.0,    391.0,     37.0,     33.0
  avg     11.5,    397.6,      0.0,      3.4,     99.5,    409.1,     51.0,     51.9
  max     16.0,    414.0,      0.0,      6.0,    118.0,    424.0,     66.0,     73.0
  tot   1150.0,  39760.0,      0.0,    340.0,   9950.0,  40910.0,   5101.0,   5189.0

        *loc w,   *rem w,   repl w,   *loc r,   *rem r,  **tot w, **succ r, **fail r
  With replication:
  min      7.0,    381.0,    115.0,      1.0,     84.0,    391.0,     38.0,     32.0
  avg     11.5,    397.6,    152.9,      3.4,     99.5,    409.1,     50.8,     52.1
  max     16.0,    414.0,    172.0,      6.0,    118.0,    424.0,     64.0,     73.0
  tot   1150.0,  39760.0,  15290.0,    340.0,   9950.0,  40910.0,   5081.0,   5209.0

Configuration no. 9 (n=32 m=256 o=016 p=090)
  Without replication:
        *loc w,   *rem w,   repl w,   *loc r,   *rem r,  **tot w, **succ r, **fail r
  min     10.0,    437.0,      0.0,      0.0,     43.0,    451.0,     17.0,     18.0
  avg     14.0,    444.0,      0.0,      2.1,     51.9,    458.0,     26.0,     28.0
  max     17.0,    451.0,      0.0,      4.0,     57.0,    467.0,     34.0,     37.0
  tot   1400.0,  44400.0,      0.0,    210.0,   5190.0,  45800.0,   2603.0,   2797.0

        *loc w,   *rem w,   repl w,   *loc r,   *rem r,  **tot w, **succ r, **fail r
  With replication:
  min     10.0,    437.0,     52.0,      0.0,     43.0,    451.0,     17.0,     18.0
  avg     14.0,    444.0,     82.0,      2.1,     51.9,    458.0,     26.0,     28.0
  max     17.0,    451.0,     99.0,      4.0,     57.0,    467.0,     34.0,     37.0
  tot   1400.0,  44400.0,   8200.0,    210.0,   5190.0,  45800.0,   2597.0,   2803.0

 * = this measure only counts for non-replicated programs
** = this measure only to be used as a safety check for test case generation
Alines-MacBook-Pro:go aline$ 
