Alines-MacBook-Pro:go aline$ python test.py
Overall configurations:        9
Test cases per configuration:  10
Simulations per test case:     10
Simulations per configuration: 200

Configuration no. 1 (n=32 m=512 o=016 p=010)
  Without replication:
        *loc w,   *rem w,   repl w,   *loc r,   *rem r,  **tot w, **succ r, **fail r
  min      0.0,     40.0,      0.0,     11.0,    423.0,     42.0,     10.0,    410.0
  avg      1.1,     51.8,      0.0,     15.4,    443.7,     52.9,     22.6,    436.5
  max      2.0,     69.0,      0.0,     22.0,    459.0,     71.0,     34.0,    460.0
  tot    110.0,   5180.0,      0.0,   1540.0,  44370.0,   5290.0,   2257.0,  43653.0

        *loc w,   *rem w,   repl w,   *loc r,   *rem r,  **tot w, **succ r, **fail r
  With replication:
  min      0.0,     40.0,     35.0,     11.0,    423.0,     42.0,     10.0,    411.0
  avg      1.1,     51.8,     45.5,     15.4,    443.7,     52.9,     22.9,    436.2
  max      2.0,     69.0,     65.0,     22.0,    459.0,     71.0,     35.0,    460.0
  tot    110.0,   5180.0,   4550.0,   1540.0,  44370.0,   5290.0,   2292.0,  43618.0

Configuration no. 2 (n=32 m=512 o=016 p=020)
  Without replication:
        *loc w,   *rem w,   repl w,   *loc r,   *rem r,  **tot w, **succ r, **fail r
  min      1.0,     87.0,      0.0,      9.0,    370.0,     89.0,     24.0,    323.0
  avg      3.2,    101.3,      0.0,     12.4,    395.1,    104.5,     40.9,    366.6
  max      6.0,    127.0,      0.0,     16.0,    411.0,    132.0,     57.0,    395.0
  tot    320.0,  10130.0,      0.0,   1240.0,  39510.0,  10450.0,   4092.0,  36658.0

        *loc w,   *rem w,   repl w,   *loc r,   *rem r,  **tot w, **succ r, **fail r
  With replication:
  min      1.0,     87.0,     64.0,      9.0,    370.0,     89.0,     24.0,    325.0
  avg      3.2,    101.3,     78.8,     12.4,    395.1,    104.5,     40.7,    366.8
  max      6.0,    127.0,     93.0,     16.0,    411.0,    132.0,     55.0,    394.0
  tot    320.0,  10130.0,   7880.0,   1240.0,  39510.0,  10450.0,   4074.0,  36676.0

Configuration no. 3 (n=32 m=512 o=016 p=030)
  Without replication:
        *loc w,   *rem w,   repl w,   *loc r,   *rem r,  **tot w, **succ r, **fail r
  min      2.0,    133.0,      0.0,      2.0,    320.0,    137.0,     39.0,    261.0
  avg      4.2,    154.9,      0.0,     10.6,    342.3,    159.1,     49.6,    303.3
  max      7.0,    177.0,      0.0,     16.0,    363.0,    184.0,     67.0,    325.0
  tot    420.0,  15490.0,      0.0,   1060.0,  34230.0,  15910.0,   4960.0,  30330.0

        *loc w,   *rem w,   repl w,   *loc r,   *rem r,  **tot w, **succ r, **fail r
  With replication:
  min      2.0,    133.0,     94.0,      2.0,    320.0,    137.0,     38.0,    255.0
  avg      4.2,    154.9,    106.7,     10.6,    342.3,    159.1,     49.8,    303.1
  max      7.0,    177.0,    128.0,     16.0,    363.0,    184.0,     73.0,    328.0
  tot    420.0,  15490.0,  10670.0,   1060.0,  34230.0,  15910.0,   4978.0,  30312.0

Configuration no. 4 (n=32 m=512 o=016 p=040)
  Without replication:
        *loc w,   *rem w,   repl w,   *loc r,   *rem r,  **tot w, **succ r, **fail r
  min      4.0,    175.0,      0.0,      3.0,    281.0,    180.0,     43.0,    234.0
  avg      7.4,    192.8,      0.0,      7.9,    303.9,    200.2,     55.4,    256.4
  max     11.0,    213.0,      0.0,     12.0,    325.0,    223.0,     69.0,    281.0
  tot    740.0,  19280.0,      0.0,    790.0,  30390.0,  20020.0,   5539.0,  25641.0

        *loc w,   *rem w,   repl w,   *loc r,   *rem r,  **tot w, **succ r, **fail r
  With replication:
  min      4.0,    175.0,    106.0,      3.0,    281.0,    180.0,     44.0,    236.0
  avg      7.4,    192.8,    118.1,      7.9,    303.9,    200.2,     55.3,    256.5
  max     11.0,    213.0,    138.0,     12.0,    325.0,    223.0,     69.0,    280.0
  tot    740.0,  19280.0,  11810.0,    790.0,  30390.0,  20020.0,   5530.0,  25650.0

Configuration no. 5 (n=32 m=512 o=016 p=050)
  Without replication:
        *loc w,   *rem w,   repl w,   *loc r,   *rem r,  **tot w, **succ r, **fail r
  min      4.0,    232.0,      0.0,      3.0,    233.0,    244.0,     44.0,    169.0
  avg      8.8,    248.5,      0.0,      7.4,    247.3,    257.3,     56.0,    198.7
  max     13.0,    262.0,      0.0,     10.0,    261.0,    273.0,     73.0,    224.0
  tot    880.0,  24850.0,      0.0,    740.0,  24730.0,  25730.0,   5598.0,  19872.0

        *loc w,   *rem w,   repl w,   *loc r,   *rem r,  **tot w, **succ r, **fail r
  With replication:
  min      4.0,    232.0,     94.0,      3.0,    233.0,    244.0,     44.0,    172.0
  avg      8.8,    248.5,    118.8,      7.4,    247.3,    257.3,     55.8,    198.9
  max     13.0,    262.0,    138.0,     10.0,    261.0,    273.0,     70.0,    224.0
  tot    880.0,  24850.0,  11880.0,    740.0,  24730.0,  25730.0,   5584.0,  19886.0

Configuration no. 6 (n=32 m=512 o=016 p=060)
  Without replication:
        *loc w,   *rem w,   repl w,   *loc r,   *rem r,  **tot w, **succ r, **fail r
  min      4.0,    292.0,      0.0,      4.0,    173.0,    298.0,     34.0,    137.0
  avg      8.8,    303.5,      0.0,      6.9,    192.8,    312.3,     49.6,    150.1
  max     16.0,    316.0,      0.0,     11.0,    209.0,    330.0,     61.0,    160.0
  tot    880.0,  30350.0,      0.0,    690.0,  19280.0,  31230.0,   4959.0,  15011.0

        *loc w,   *rem w,   repl w,   *loc r,   *rem r,  **tot w, **succ r, **fail r
  With replication:
  min      4.0,    292.0,     94.0,      4.0,    173.0,    298.0,     33.0,    137.0
  avg      8.8,    303.5,    113.7,      6.9,    192.8,    312.3,     49.3,    150.4
  max     16.0,    316.0,    137.0,     11.0,    209.0,    330.0,     62.0,    160.0
  tot    880.0,  30350.0,  11370.0,    690.0,  19280.0,  31230.0,   4927.0,  15043.0

Configuration no. 7 (n=32 m=512 o=016 p=070)
  Without replication:
        *loc w,   *rem w,   repl w,   *loc r,   *rem r,  **tot w, **succ r, **fail r
  min      5.0,    339.0,      0.0,      2.0,    132.0,    350.0,     29.0,     96.0
  avg     10.4,    352.8,      0.0,      3.9,    144.9,    363.2,     39.4,    109.4
  max     16.0,    364.0,      0.0,      6.0,    158.0,    377.0,     50.0,    126.0
  tot   1040.0,  35280.0,      0.0,    390.0,  14490.0,  36320.0,   3943.0,  10937.0

        *loc w,   *rem w,   repl w,   *loc r,   *rem r,  **tot w, **succ r, **fail r
  With replication:
  min      5.0,    339.0,     72.0,      2.0,    132.0,    350.0,     27.0,     95.0
  avg     10.4,    352.8,     89.2,      3.9,    144.9,    363.2,     39.4,    109.4
  max     16.0,    364.0,    103.0,      6.0,    158.0,    377.0,     50.0,    128.0
  tot   1040.0,  35280.0,   8920.0,    390.0,  14490.0,  36320.0,   3941.0,  10939.0

Configuration no. 8 (n=32 m=512 o=016 p=080)
  Without replication:
        *loc w,   *rem w,   repl w,   *loc r,   *rem r,  **tot w, **succ r, **fail r
  min     10.0,    374.0,      0.0,      1.0,     84.0,    394.0,     23.0,     54.0
  avg     15.0,    395.5,      0.0,      3.2,     98.3,    410.5,     31.1,     70.5
  max     20.0,    412.0,      0.0,      5.0,    115.0,    423.0,     40.0,     84.0
  tot   1500.0,  39550.0,      0.0,    320.0,   9830.0,  41050.0,   3105.0,   7045.0

        *loc w,   *rem w,   repl w,   *loc r,   *rem r,  **tot w, **succ r, **fail r
  With replication:
  min     10.0,    374.0,     40.0,      1.0,     84.0,    394.0,     23.0,     55.0
  avg     15.0,    395.5,     66.2,      3.2,     98.3,    410.5,     31.0,     70.5
  max     20.0,    412.0,     82.0,      5.0,    115.0,    423.0,     42.0,     84.0
  tot   1500.0,  39550.0,   6620.0,    320.0,   9830.0,  41050.0,   3104.0,   7046.0

Configuration no. 9 (n=32 m=512 o=016 p=090)
  Without replication:
        *loc w,   *rem w,   repl w,   *loc r,   *rem r,  **tot w, **succ r, **fail r
  min      7.0,    428.0,      0.0,      0.0,     36.0,    452.0,     10.0,     19.0
  avg     17.2,    443.5,      0.0,      1.5,     49.8,    460.7,     16.4,     34.9
  max     24.0,    460.0,      0.0,      4.0,     57.0,    476.0,     22.0,     45.0
  tot   1720.0,  44350.0,      0.0,    150.0,   4980.0,  46070.0,   1641.0,   3489.0

        *loc w,   *rem w,   repl w,   *loc r,   *rem r,  **tot w, **succ r, **fail r
  With replication:
  min      7.0,    428.0,     18.0,      0.0,     36.0,    452.0,     10.0,     21.0
  avg     17.2,    443.5,     29.1,      1.5,     49.8,    460.7,     16.5,     34.8
  max     24.0,    460.0,     39.0,      4.0,     57.0,    476.0,     22.0,     44.0
  tot   1720.0,  44350.0,   2910.0,    150.0,   4980.0,  46070.0,   1652.0,   3478.0

 * = this measure only counts for non-replicated programs
** = this measure only to be used as a safety check for test case generation
Alines-MacBook-Pro:go aline$ 
