Alines-MacBook-Pro:go aline$ python test.py
Overall configurations:        9
Test cases per configuration:  10
Simulations per test case:     10
Simulations per configuration: 200

Configuration no. 1 (n=4 m=64 o=016 p=010)
  Without replication:
        *loc w,   *rem w,   repl w,   *loc r,   *rem r,  **tot w, **succ r, **fail r
  min      1.0,      3.0,      0.0,      8.0,     37.0,      5.0,      0.0,     48.0
  avg      2.1,      5.0,      0.0,     13.5,     43.4,      7.1,      3.2,     53.7
  max      4.0,      7.0,      0.0,     22.0,     49.0,     10.0,      6.0,     59.0
  tot    210.0,    500.0,      0.0,   1350.0,   4340.0,    710.0,    317.0,   5373.0

        *loc w,   *rem w,   repl w,   *loc r,   *rem r,  **tot w, **succ r, **fail r
  With replication:
  min      1.0,      3.0,      0.0,      8.0,     37.0,      5.0,      0.0,     48.0
  avg      2.1,      5.0,      3.9,     13.5,     43.4,      7.1,      3.2,     53.7
  max      4.0,      7.0,     10.0,     22.0,     49.0,     10.0,      6.0,     59.0
  tot    210.0,    500.0,    390.0,   1350.0,   4340.0,    710.0,    317.0,   5373.0

Configuration no. 2 (n=4 m=64 o=016 p=020)
  Without replication:
        *loc w,   *rem w,   repl w,   *loc r,   *rem r,  **tot w, **succ r, **fail r
  min      0.0,      6.0,      0.0,      9.0,     32.0,      7.0,      0.0,     41.0
  avg      3.6,     10.4,      0.0,     12.3,     37.7,     14.0,      3.8,     46.2
  max      7.0,     14.0,      0.0,     17.0,     44.0,     17.0,      8.0,     57.0
  tot    360.0,   1040.0,      0.0,   1230.0,   3770.0,   1400.0,    377.0,   4623.0

        *loc w,   *rem w,   repl w,   *loc r,   *rem r,  **tot w, **succ r, **fail r
  With replication:
  min      0.0,      6.0,      1.0,      9.0,     32.0,      7.0,      0.0,     41.0
  avg      3.6,     10.4,      5.5,     12.3,     37.7,     14.0,      3.8,     46.2
  max      7.0,     14.0,     11.0,     17.0,     44.0,     17.0,      8.0,     57.0
  tot    360.0,   1040.0,    550.0,   1230.0,   3770.0,   1400.0,    383.0,   4617.0

Configuration no. 3 (n=4 m=64 o=016 p=030)
  Without replication:
        *loc w,   *rem w,   repl w,   *loc r,   *rem r,  **tot w, **succ r, **fail r
  min      2.0,     11.0,      0.0,      9.0,     27.0,     15.0,      2.0,     27.0
  avg      4.4,     13.5,      0.0,     13.1,     33.0,     17.9,      6.0,     40.1
  max      6.0,     15.0,      0.0,     17.0,     37.0,     21.0,     16.0,     47.0
  tot    440.0,   1350.0,      0.0,   1310.0,   3300.0,   1790.0,    602.0,   4008.0

        *loc w,   *rem w,   repl w,   *loc r,   *rem r,  **tot w, **succ r, **fail r
  With replication:
  min      2.0,     11.0,      2.0,      9.0,     27.0,     15.0,      2.0,     27.0
  avg      4.4,     13.5,      7.9,     13.1,     33.0,     17.9,      6.1,     40.0
  max      6.0,     15.0,     13.0,     17.0,     37.0,     21.0,     16.0,     47.0
  tot    440.0,   1350.0,    790.0,   1310.0,   3300.0,   1790.0,    614.0,   3996.0

Configuration no. 4 (n=4 m=64 o=016 p=040)
  Without replication:
        *loc w,   *rem w,   repl w,   *loc r,   *rem r,  **tot w, **succ r, **fail r
  min      5.0,     13.0,      0.0,      6.0,     20.0,     23.0,      3.0,     26.0
  avg      7.6,     19.3,      0.0,      9.2,     27.9,     26.9,      6.9,     30.2
  max     11.0,     27.0,      0.0,     13.0,     32.0,     32.0,     10.0,     35.0
  tot    760.0,   1930.0,      0.0,    920.0,   2790.0,   2690.0,    694.0,   3016.0

        *loc w,   *rem w,   repl w,   *loc r,   *rem r,  **tot w, **succ r, **fail r
  With replication:
  min      5.0,     13.0,      1.0,      6.0,     20.0,     23.0,      3.0,     25.0
  avg      7.6,     19.3,      8.4,      9.2,     27.9,     26.9,      7.1,     30.0
  max     11.0,     27.0,     13.0,     13.0,     32.0,     32.0,     11.0,     35.0
  tot    760.0,   1930.0,    840.0,    920.0,   2790.0,   2690.0,    709.0,   3001.0

Configuration no. 5 (n=4 m=64 o=016 p=050)
  Without replication:
        *loc w,   *rem w,   repl w,   *loc r,   *rem r,  **tot w, **succ r, **fail r
  min      6.0,     17.0,      0.0,      5.0,     19.0,     29.0,      2.0,     14.0
  avg      9.6,     24.2,      0.0,      6.8,     23.4,     33.8,      5.8,     24.4
  max     14.0,     28.0,      0.0,     10.0,     29.0,     39.0,     12.0,     31.0
  tot    960.0,   2420.0,      0.0,    680.0,   2340.0,   3380.0,    584.0,   2436.0

        *loc w,   *rem w,   repl w,   *loc r,   *rem r,  **tot w, **succ r, **fail r
  With replication:
  min      6.0,     17.0,     -1.0,      5.0,     19.0,     29.0,      2.0,     15.0
  avg      9.6,     24.2,      4.4,      6.8,     23.4,     33.8,      5.8,     24.4
  max     14.0,     28.0,      8.0,     10.0,     29.0,     39.0,     11.0,     31.0
  tot    960.0,   2420.0,    440.0,    680.0,   2340.0,   3380.0,    577.0,   2443.0

Configuration no. 6 (n=4 m=64 o=016 p=060)
  Without replication:
        *loc w,   *rem w,   repl w,   *loc r,   *rem r,  **tot w, **succ r, **fail r
  min      6.0,     25.0,      0.0,      4.0,     12.0,     34.0,      1.0,     11.0
  avg      9.6,     30.0,      0.0,      7.0,     17.4,     39.6,      7.5,     16.9
  max     13.0,     37.0,      0.0,      9.0,     23.0,     44.0,     14.0,     28.0
  tot    960.0,   3000.0,      0.0,    700.0,   1740.0,   3960.0,    753.0,   1687.0

        *loc w,   *rem w,   repl w,   *loc r,   *rem r,  **tot w, **succ r, **fail r
  With replication:
  min      6.0,     25.0,     -1.0,      4.0,     12.0,     34.0,      1.0,     12.0
  avg      9.6,     30.0,      7.5,      7.0,     17.4,     39.6,      7.4,     17.0
  max     13.0,     37.0,     15.0,      9.0,     23.0,     44.0,     14.0,     28.0
  tot    960.0,   3000.0,    750.0,    700.0,   1740.0,   3960.0,    738.0,   1702.0

Configuration no. 7 (n=4 m=64 o=016 p=070)
  Without replication:
        *loc w,   *rem w,   repl w,   *loc r,   *rem r,  **tot w, **succ r, **fail r
  min      7.0,     29.0,      0.0,      3.0,     10.0,     39.0,      2.0,      9.0
  avg     11.3,     32.9,      0.0,      5.4,     14.4,     44.2,      5.5,     14.3
  max     16.0,     34.0,      0.0,     10.0,     18.0,     50.0,     10.0,     21.0
  tot   1130.0,   3290.0,      0.0,    540.0,   1440.0,   4420.0,    547.0,   1433.0

        *loc w,   *rem w,   repl w,   *loc r,   *rem r,  **tot w, **succ r, **fail r
  With replication:
  min      7.0,     29.0,     -2.0,      3.0,     10.0,     39.0,      2.0,      9.0
  avg     11.3,     32.9,      3.2,      5.4,     14.4,     44.2,      5.5,     14.3
  max     16.0,     34.0,     12.0,     10.0,     18.0,     50.0,     11.0,     21.0
  tot   1130.0,   3290.0,    320.0,    540.0,   1440.0,   4420.0,    549.0,   1431.0

Configuration no. 8 (n=4 m=64 o=016 p=080)
  Without replication:
        *loc w,   *rem w,   repl w,   *loc r,   *rem r,  **tot w, **succ r, **fail r
  min      6.0,     35.0,      0.0,      1.0,      5.0,     46.0,      0.0,      5.0
  avg     12.3,     39.0,      0.0,      3.7,      9.0,     51.3,      3.7,      9.0
  max     16.0,     44.0,      0.0,      6.0,     13.0,     56.0,      6.0,     16.0
  tot   1230.0,   3900.0,      0.0,    370.0,    900.0,   5130.0,    372.0,    898.0

        *loc w,   *rem w,   repl w,   *loc r,   *rem r,  **tot w, **succ r, **fail r
  With replication:
  min      6.0,     35.0,     -8.0,      1.0,      5.0,     46.0,      0.0,      5.0
  avg     12.3,     39.0,     -1.9,      3.7,      9.0,     51.3,      3.7,      9.0
  max     16.0,     44.0,      6.0,      6.0,     13.0,     56.0,      6.0,     16.0
  tot   1230.0,   3900.0,   -190.0,    370.0,    900.0,   5130.0,    374.0,    896.0

Configuration no. 9 (n=4 m=64 o=016 p=090)
  Without replication:
        *loc w,   *rem w,   repl w,   *loc r,   *rem r,  **tot w, **succ r, **fail r
  min      8.0,     34.0,      0.0,      0.0,      3.0,     55.0,      0.0,      2.0
  avg     14.5,     43.0,      0.0,      1.6,      4.9,     57.5,      1.8,      4.7
  max     21.0,     49.0,      0.0,      4.0,      9.0,     59.0,      5.0,      7.0
  tot   1450.0,   4300.0,      0.0,    160.0,    490.0,   5750.0,    177.0,    473.0

        *loc w,   *rem w,   repl w,   *loc r,   *rem r,  **tot w, **succ r, **fail r
  With replication:
  min      8.0,     34.0,    -14.0,      0.0,      3.0,     55.0,      0.0,      2.0
  avg     14.5,     43.0,     -8.7,      1.6,      4.9,     57.5,      1.9,      4.6
  max     21.0,     49.0,      0.0,      4.0,      9.0,     59.0,      5.0,      7.0
  tot   1450.0,   4300.0,   -870.0,    160.0,    490.0,   5750.0,    194.0,    456.0

 * = this measure only counts for non-replicated programs
** = this measure only to be used as a safety check for test case generation
Alines-MacBook-Pro:go aline$ 
